<?xml version="1.0" encoding="UTF-8"?>
<!-- Generated by org.testng.reporters.JUnitXMLReporter -->
<testsuite hostname="DESKTOP-01THEB1" ignored="0" name="Regression" tests="3" failures="1" timestamp="29 Mar 2020 01:42:15 GMT" time="0.157" errors="0">
  <testcase name="createUser" time="0.047" classname="com.edureka.testng.UserModuleScripts">
    <failure type="java.lang.AssertionError" message="null">
      <![CDATA[java.lang.AssertionError: null
at com.edureka.testng.UserModuleScripts.createUser(UserModuleScripts.java:14)
... Removed 27 stack frames]]>
    </failure>
  </testcase> <!-- createUser -->
  <testcase name="editUser" time="0.003" classname="com.edureka.testng.UserModuleScripts">
    <skipped/>
  </testcase> <!-- editUser -->
  <testcase name="deleteUser" time="0.0" classname="com.edureka.testng.UserModuleScripts">
    <skipped/>
  </testcase> <!-- deleteUser -->
</testsuite> <!-- Regression -->
